1694644322 : chrome 105960.84375 62017536
1694644322 : chrome 105960.875 61874176
1694644325 : chrome 105960.875 61968384
1694644328 : chrome 105960.875 62078976
1694644322 : chrome 105960.84375 62017536
1694644322 : chrome 105960.875 61874176
1694644325 : chrome 105960.875 61968384
1694644328 : chrome 105960.875 62078976
1694644354 : chrome 105960.875 62308352
1694644450 : chrome 105989.15625 72880128
1694644453 : chrome 105989.15625 72544256
1694644458 : chrome 105989.1875 73273344
1694644462 : chrome 105989.1875 72650752
1694644463 : chrome 105989.1875 72777728
1694644450 : chrome 105989.15625 72880128
1694644453 : chrome 105989.15625 72544256
1694644458 : chrome 105989.1875 73273344
1694644462 : chrome 105989.1875 72650752
1694644463 : chrome 105989.1875 72777728
1694644471 : chrome 105989.21875 73330688
1694644482 : chrome 105989.28125 73330688
